app/build/outputs/logs/manifest-merger-release-report.txt
-- Merging decision tree log ---
manifest
ADDED from src\main\AndroidManifest.xml:2:1-119:12
INJECTED from src\main\AndroidManifest.xml:2:1-119:12
INJECTED from src\main\AndroidManifest.xml:2:1-119:12
INJECTED from src\main\AndroidManifest.xml:2:1-119:12
MERGED from [com.google.firebase:firebase-messaging:20.3.0] AndroidManifest.xml:17:1-45:12
MERGED from [com.google.firebase:firebase-analytics:17.6.0] AndroidManifest.xml:2:1-9:12
MERGED from [com.google.android.material:material:1.0.0] AndroidManifest.xml:17:1-24:12
MERGED from [androidx.appcompat:appcompat:1.2.0] AndroidManifest.xml:17:1-24:12
MERGED from [com.google.firebase:firebase-auth:19.4.0] AndroidManifest.xml:17:1-42:12
MERGED from [com.google.firebase:firebase-database:19.5.0] AndroidManifest.xml:15:1-38:12
MERGED from [com.google.firebase:firebase-storage:19.2.0] AndroidManifest.xml:15:1-39:12
MERGED from [com.google.firebase:firebase-iid:20.3.0] AndroidManifest.xml:17:1-47:12
MERGED from [com.google.android.gms:play-services-cloud-messaging:16.0.0] AndroidManifest.xml:2:1-13:12
MERGED from [com.google.android.gms:play-services-measurement:17.6.0] AndroidManifest.xml:17:1-46:12
MERGED from [com.google.android.gms:play-services-measurement-api:17.6.0] AndroidManifest.xml:17:1-36:12
MERGED from [com.google.android.gms:play-services-measurement-sdk:17.6.0] AndroidManifest.xml:17:1-25:12
MERGED from [com.google.android.gms:play-services-measurement-impl:17.6.0] AndroidManifest.xml:17:1-31:12
MERGED from [com.google.android.gms:play-services-stats:17.0.0] AndroidManifest.xml:2:1-9:12
MERGED from [com.google.firebase:firebase-installations:16.3.3] AndroidManifest.xml:2:1-23:12
MERGED from [com.google.firebase:firebase-installations-interop:16.0.0] AndroidManifest.xml:15:1-23:12
MERGED from [com.google.firebase:firebase-auth-interop:19.0.0] AndroidManifest.xml:2:1-10:12
MERGED from [com.google.firebase:firebase-database-collection:17.0.1] AndroidManifest.xml:2:1-9:12
MERGED from [com.google.firebase:firebase-iid-interop:17.0.0] AndroidManifest.xml:2:1-10:12
MERGED from [com.google.android.gms:play-services-base:17.1.0] AndroidManifest.xml:17:1-29:12
MERGED from [com.google.firebase:firebase-datatransport:17.0.3] AndroidManifest.xml:15:1-34:12
MERGED from [com.google.firebase:firebase-common:19.3.1] AndroidManifest.xml:15:1-40:12
MERGED from [com.google.android.gms:play-services-tasks:17.0.0] AndroidManifest.xml:2:1-9:12
MERGED from [com.google.firebase:firebase-measurement-connector:18.0.0] AndroidManifest.xml:17:1-25:12
MERGED from [com.google.android.gms:play-services-ads-identifier:17.0.0] AndroidManifest.xml:17:1-24:12
MERGED from [com.google.android.gms:play-services-measurement-sdk-api:17.6.0] AndroidManifest.xml:17:1-27:12
MERGED from [com.google.android.gms:play-services-measurement-base:17.6.0] AndroidManifest.xml:2:1-9:12
MERGED from [com.google.android.gms:play-services-basement:17.0.0] AndroidManifest.xml:17:1-28:12
MERGED from [androidx.fragment:fragment:1.1.0] AndroidManifest.xml:17:1-24:12
MERGED from [androidx.appcompat:appcompat-resources:1.2.0] AndroidManifest.xml:17:1-24:12
MERGED from [androidx.recyclerview:recyclerview:1.0.0] AndroidManifest.xml:17:1-22:12
MERGED from [androidx.legacy:legacy-support-core-ui:1.0.0] AndroidManifest.xml:17:1-22:12
MERGED from [androidx.drawerlayout:drawerlayout:1.0.0] AndroidManifest.xml:17:1-22:12
MERGED from [androidx.legacy:legacy-support-core-utils:1.0.0] AndroidManifest.xml:17:1-22:12
MERGED from [androidx.transition:transition:1.0.0] AndroidManifest.xml:17:1-22:12
MERGED from [androidx.viewpager:viewpager:1.0.0] AndroidManifest.xml:17:1-22:12
MERGED from [androidx.loader:loader:1.0.0] AndroidManifest.xml:17:1-22:12
MERGED from [androidx.activity:activity:1.0.0] AndroidManifest.xml:17:1-24:12
MERGED from [androidx.vectordrawable:vectordrawable-animated:1.1.0] AndroidManifest.xml:17:1-24:12
MERGED from [androidx.vectordrawable:vectordrawable:1.1.0] AndroidManifest.xml:17:1-24:12
MERGED from [androidx.coordinatorlayout:coordinatorlayout:1.0.0] AndroidManifest.xml:17:1-22:12
MERGED from [androidx.slidingpanelayout:slidingpanelayout:1.0.0] AndroidManifest.xml:17:1-22:12
MERGED from [androidx.customview:customview:1.0.0] AndroidManifest.xml:17:1-22:12
MERGED from [androidx.swiperefreshlayout:swiperefreshlayout:1.0.0] AndroidManifest.xml:17:1-22:12
MERGED from [androidx.asynclayoutinflater:asynclayoutinflater:1.0.0] AndroidManifest.xml:17:1-22:12
MERGED from [androidx.core:core:1.3.0] AndroidManifest.xml:17:1-26:12
MERGED from [androidx.cursoradapter:cursoradapter:1.0.0] AndroidManifest.xml:17:1-22:12
MERGED from [androidx.cardview:cardview:1.0.0] AndroidManifest.xml:17:1-22:12
MERGED from [com.google.android.datatransport:transport-backend-cct:2.2.0] AndroidManifest.xml:15:1-38:12
MERGED from [com.google.android.datatransport:transport-runtime:2.2.0] AndroidManifest.xml:15:1-41:12
MERGED from [com.google.firebase:firebase-components:16.0.0] AndroidManifest.xml:15:1-23:12
MERGED from [com.google.firebase:firebase-encoders-json:16.0.0] AndroidManifest.xml:15:1-23:12
MERGED from [androidx.localbroadcastmanager:localbroadcastmanager:1.0.0] AndroidManifest.xml:17:1-22:12
MERGED from [androidx.versionedparcelable:versionedparcelable:1.1.0] AndroidManifest.xml:17:1-27:12
MERGED from [androidx.interpolator:interpolator:1.0.0] AndroidManifest.xml:17:1-22:12
MERGED from [androidx.documentfile:documentfile:1.0.0] AndroidManifest.xml:17:1-22:12
MERGED from [androidx.print:print:1.0.0] AndroidManifest.xml:17:1-22:12
MERGED from [androidx.lifecycle:lifecycle-runtime:2.1.0] AndroidManifest.xml:17:1-22:12
MERGED from [androidx.lifecycle:lifecycle-viewmodel:2.1.0] AndroidManifest.xml:17:1-22:12
MERGED from [androidx.savedstate:savedstate:1.0.0] AndroidManifest.xml:17:1-24:12
MERGED from [androidx.lifecycle:lifecycle-livedata:2.0.0] AndroidManifest.xml:17:1-22:12
MERGED from [androidx.lifecycle:lifecycle-livedata-core:2.0.0] AndroidManifest.xml:17:1-22:12
MERGED from [androidx.arch.core:core-runtime:2.0.0] AndroidManifest.xml:17:1-22:12
MERGED from [com.google.android.datatransport:transport-api:2.2.0] AndroidManifest.xml:15:1-22:12
INJECTED from src\main\AndroidManifest.xml:2:1-119:12
INJECTED from src\main\AndroidManifest.xml:2:1-119:12
INJECTED from src\main\AndroidManifest.xml:2:1-119:12
	package
		ADDED from src\main\AndroidManifest.xml:4:2-26
		INJECTED from src\main\AndroidManifest.xml
		INJECTED from src\main\AndroidManifest.xml
	android:versionName
		INJECTED from src\main\AndroidManifest.xml
		ADDED from src\main\AndroidManifest.xml:2:1-119:12
		INJECTED from src\main\AndroidManifest.xml
	android:versionCode
		INJECTED from src\main\AndroidManifest.xml
		ADDED from src\main\AndroidManifest.xml:2:1-119:12
		INJECTED from src\main\AndroidManifest.xml
	xmlns:android
		ADDED from src\main\AndroidManifest.xml:3:2-60
uses-permission#android.permission.INTERNET
ADDED from src\main\AndroidManifest.xml:5:2-63
MERGED from [com.google.firebase:firebase-database:19.5.0] AndroidManifest.xml:26:5-67
MERGED from [com.google.firebase:firebase-database:19.5.0] AndroidManifest.xml:26:5-67
MERGED from [com.google.firebase:firebase-storage:19.2.0] AndroidManifest.xml:27:5-67
MERGED from [com.google.firebase:firebase-storage:19.2.0] AndroidManifest.xml:27:5-67
MERGED from [com.google.firebase:firebase-iid:20.3.0] AndroidManifest.xml:23:5-67
MERGED from [com.google.firebase:firebase-iid:20.3.0] AndroidManifest.xml:23:5-67
MERGED from [com.google.android.gms:play-services-cloud-messaging:16.0.0] AndroidManifest.xml:8:5-67
MERGED from [com.google.android.gms:play-services-cloud-messaging:16.0.0] AndroidManifest.xml:8:5-67
MERGED from [com.google.android.gms:play-services-measurement:17.6.0] AndroidManifest.xml:23:5-67
MERGED from [com.google.android.gms:play-services-measurement:17.6.0] AndroidManifest.xml:23:5-67
MERGED from [com.google.android.gms:play-services-measurement-api:17.6.0] AndroidManifest.xml:22:5-67
MERGED from [com.google.android.gms:play-services-measurement-api:17.6.0] AndroidManifest.xml:22:5-67
MERGED from [com.google.android.gms:play-services-measurement-impl:17.6.0] AndroidManifest.xml:23:5-67
MERGED from [com.google.android.gms:play-services-measurement-impl:17.6.0] AndroidManifest.xml:23:5-67
MERGED from [com.google.firebase:firebase-installations:16.3.3] AndroidManifest.xml:11:5-67
MERGED from [com.google.firebase:firebase-installations:16.3.3] AndroidManifest.xml:11:5-67
MERGED from [com.google.android.gms:play-services-measurement-sdk-api:17.6.0] AndroidManifest.xml:23:5-67
MERGED from [com.google.android.gms:play-services-measurement-sdk-api:17.6.0] AndroidManifest.xml:23:5-67
MERGED from [com.google.android.datatransport:transport-backend-cct:2.2.0] AndroidManifest.xml:26:5-67
MERGED from [com.google.android.datatransport:transport-backend-cct:2.2.0] AndroidManifest.xml:26:5-67
	android:name
		ADDED from src\main\AndroidManifest.xml:5:19-61
uses-permission#android.permission.ACCESS_NETWORK_STATE
ADDED from src\main\AndroidManifest.xml:6:2-75
MERGED from [com.google.firebase:firebase-database:19.5.0] AndroidManifest.xml:25:5-79
MERGED from [com.google.firebase:firebase-database:19.5.0] AndroidManifest.xml:25:5-79
MERGED from [com.google.firebase:firebase-storage:19.2.0] AndroidManifest.xml:26:5-79
MERGED from [com.google.firebase:firebase-storage:19.2.0] AndroidManifest.xml:26:5-79
MERGED from [com.google.firebase:firebase-iid:20.3.0] AndroidManifest.xml:22:5-79
MERGED from [com.google.firebase:firebase-iid:20.3.0] AndroidManifest.xml:22:5-79
MERGED from [com.google.android.gms:play-services-cloud-messaging:16.0.0] AndroidManifest.xml:7:5-79
MERGED from [com.google.android.gms:play-services-cloud-messaging:16.0.0] AndroidManifest.xml:7:5-79
MERGED from [com.google.android.gms:play-services-measurement:17.6.0] AndroidManifest.xml:24:5-79
MERGED from [com.google.android.gms:play-services-measurement:17.6.0] AndroidManifest.xml:24:5-79
MERGED from [com.google.android.gms:play-services-measurement-api:17.6.0] AndroidManifest.xml:23:5-79
MERGED from [com.google.android.gms:play-services-measurement-api:17.6.0] AndroidManifest.xml:23:5-79
MERGED from [com.google.android.gms:play-services-measurement-impl:17.6.0] AndroidManifest.xml:24:5-79
MERGED from [com.google.android.gms:play-services-measurement-impl:17.6.0] AndroidManifest.xml:24:5-79
MERGED from [com.google.firebase:firebase-installations:16.3.3] AndroidManifest.xml:10:5-79
MERGED from [com.google.firebase:firebase-installations:16.3.3] AndroidManifest.xml:10:5-79
MERGED from [com.google.android.gms:play-services-measurement-sdk-api:17.6.0] AndroidManifest.xml:24:5-79
MERGED from [com.google.android.gms:play-services-measurement-sdk-api:17.6.0] AndroidManifest.xml:24:5-79
MERGED from [com.google.android.datatransport:transport-backend-cct:2.2.0] AndroidManifest.xml:25:5-79
MERGED from [com.google.android.datatransport:transport-backend-cct:2.2.0] AndroidManifest.xml:25:5-79
MERGED from [com.google.android.datatransport:transport-runtime:2.2.0] AndroidManifest.xml:22:5-79
MERGED from [com.google.android.datatransport:transport-runtime:2.2.0] AndroidManifest.xml:22:5-79
	android:name
		ADDED from src\main\AndroidManifest.xml:6:19-73
uses-permission#android.permission.READ_EXTERNAL_STORAGE
ADDED from src\main\AndroidManifest.xml:7:2-76
	android:name
		ADDED from src\main\AndroidManifest.xml:7:19-74
uses-permission#android.permission.WRITE_EXTERNAL_STORAGE
ADDED from src\main\AndroidManifest.xml:8:2-77
	android:name
		ADDED from src\main\AndroidManifest.xml:8:19-75
application
ADDED from src\main\AndroidManifest.xml:9:2-118:16
MERGED from [com.google.firebase:firebase-messaging:20.3.0] AndroidManifest.xml:22:5-43:19
MERGED from [com.google.firebase:firebase-messaging:20.3.0] AndroidManifest.xml:22:5-43:19
MERGED from [com.google.firebase:firebase-analytics:17.6.0] AndroidManifest.xml:7:5-20
MERGED from [com.google.firebase:firebase-analytics:17.6.0] AndroidManifest.xml:7:5-20
MERGED from [com.google.android.material:material:1.0.0] AndroidManifest.xml:22:5-20
MERGED from [com.google.android.material:material:1.0.0] AndroidManifest.xml:22:5-20
MERGED from [com.google.firebase:firebase-auth:19.4.0] AndroidManifest.xml:23:5-40:19
MERGED from [com.google.firebase:firebase-auth:19.4.0] AndroidManifest.xml:23:5-40:19
MERGED from [com.google.firebase:firebase-database:19.5.0] AndroidManifest.xml:28:5-36:19
MERGED from [com.google.firebase:firebase-database:19.5.0] AndroidManifest.xml:28:5-36:19
MERGED from [com.google.firebase:firebase-storage:19.2.0] AndroidManifest.xml:29:5-37:19
MERGED from [com.google.firebase:firebase-storage:19.2.0] AndroidManifest.xml:29:5-37:19
MERGED from [com.google.firebase:firebase-iid:20.3.0] AndroidManifest.xml:28:5-45:19
MERGED from [com.google.firebase:firebase-iid:20.3.0] AndroidManifest.xml:28:5-45:19
MERGED from [com.google.android.gms:play-services-measurement:17.6.0] AndroidManifest.xml:28:5-44:19
MERGED from [com.google.android.gms:play-services-measurement:17.6.0] AndroidManifest.xml:28:5-44:19
MERGED from [com.google.android.gms:play-services-measurement-api:17.6.0] AndroidManifest.xml:26:5-34:19
MERGED from [com.google.android.gms:play-services-measurement-api:17.6.0] AndroidManifest.xml:26:5-34:19
MERGED from [com.google.android.gms:play-services-measurement-sdk:17.6.0] AndroidManifest.xml:22:5-23:19
MERGED from [com.google.android.gms:play-services-measurement-sdk:17.6.0] AndroidManifest.xml:22:5-23:19
MERGED from [com.google.android.gms:play-services-measurement-impl:17.6.0] AndroidManifest.xml:28:5-29:19
MERGED from [com.google.android.gms:play-services-measurement-impl:17.6.0] AndroidManifest.xml:28:5-29:19
MERGED from [com.google.android.gms:play-services-stats:17.0.0] AndroidManifest.xml:7:5-20
MERGED from [com.google.android.gms:play-services-stats:17.0.0] AndroidManifest.xml:7:5-20
MERGED from [com.google.firebase:firebase-installations:16.3.3] AndroidManifest.xml:13:5-21:19
MERGED from [com.google.firebase:firebase-installations:16.3.3] AndroidManifest.xml:13:5-21:19
MERGED from [com.google.firebase:firebase-auth-interop:19.0.0] AndroidManifest.xml:7:5-8:19
MERGED from [com.google.firebase:firebase-auth-interop:19.0.0] AndroidManifest.xml:7:5-8:19
MERGED from [com.google.firebase:firebase-iid-interop:17.0.0] AndroidManifest.xml:7:5-8:19
MERGED from [com.google.firebase:firebase-iid-interop:17.0.0] AndroidManifest.xml:7:5-8:19
MERGED from [com.google.android.gms:play-services-base:17.1.0] AndroidManifest.xml:22:5-27:19
MERGED from [com.google.android.gms:play-services-base:17.1.0] AndroidManifest.xml:22:5-27:19
MERGED from [com.google.firebase:firebase-datatransport:17.0.3] AndroidManifest.xml:24:5-32:19
MERGED from [com.google.firebase:firebase-datatransport:17.0.3] AndroidManifest.xml:24:5-32:19
MERGED from [com.google.firebase:firebase-common:19.3.1] AndroidManifest.xml:25:5-38:19
MERGED from [com.google.firebase:firebase-common:19.3.1] AndroidManifest.xml:25:5-38:19
MERGED from [com.google.android.gms:play-services-tasks:17.0.0] AndroidManifest.xml:7:5-20
MERGED from [com.google.android.gms:play-services-tasks:17.0.0] AndroidManifest.xml:7:5-20
MERGED from [com.google.firebase:firebase-measurement-connector:18.0.0] AndroidManifest.xml:22:5-23:19
MERGED from [com.google.firebase:firebase-measurement-connector:18.0.0] AndroidManifest.xml:22:5-23:19
MERGED from [com.google.android.gms:play-services-ads-identifier:17.0.0] AndroidManifest.xml:22:5-20
MERGED from [com.google.android.gms:play-services-ads-identifier:17.0.0] AndroidManifest.xml:22:5-20
MERGED from [com.google.android.gms:play-services-measurement-base:17.6.0] AndroidManifest.xml:7:5-20
MERGED from [com.google.android.gms:play-services-measurement-base:17.6.0] AndroidManifest.xml:7:5-20
MERGED from [com.google.android.gms:play-services-basement:17.0.0] AndroidManifest.xml:22:5-26:19
MERGED from [com.google.android.gms:play-services-basement:17.0.0] AndroidManifest.xml:22:5-26:19
MERGED from [androidx.core:core:1.3.0] AndroidManifest.xml:24:5-89
MERGED from [androidx.core:core:1.3.0] AndroidManifest.xml:24:5-89
MERGED from [com.google.android.datatransport:transport-backend-cct:2.2.0] AndroidManifest.xml:28:5-36:19
MERGED from [com.google.android.datatransport:transport-backend-cct:2.2.0] AndroidManifest.xml:28:5-36:19
MERGED from [com.google.android.datatransport:transport-runtime:2.2.0] AndroidManifest.xml:25:5-39:19
MERGED from [com.google.android.datatransport:transport-runtime:2.2.0] AndroidManifest.xml:25:5-39:19
MERGED from [androidx.versionedparcelable:versionedparcelable:1.1.0] AndroidManifest.xml:24:5-25:19
MERGED from [androidx.versionedparcelable:versionedparcelable:1.1.0] AndroidManifest.xml:24:5-25:19
	android:requestLegacyExternalStorage
		ADDED from src\main\AndroidManifest.xml:11:9-52
	android:appComponentFactory
		ADDED from [androidx.core:core:1.3.0] AndroidManifest.xml:24:18-86
	android:label
		ADDED from src\main\AndroidManifest.xml:12:3-33
	android:largeHeap
		ADDED from src\main\AndroidManifest.xml:14:3-27
	android:icon
		ADDED from src\main\AndroidManifest.xml:13:3-36
	android:allowBackup
		ADDED from src\main\AndroidManifest.xml:10:3-29
	android:theme
		ADDED from src\main\AndroidManifest.xml:16:3-34
	android:usesCleartextTraffic
		ADDED from src\main\AndroidManifest.xml:15:3-38
activity#com.mbmecj.apk.MainActivity
ADDED from src\main\AndroidManifest.xml:17:3-28:14
	android:screenOrientation
		ADDED from src\main\AndroidManifest.xml:23:4-40
	android:hardwareAccelerated
		ADDED from src\main\AndroidManifest.xml:20:4-38
	android:supportsPictureInPicture
		ADDED from src\main\AndroidManifest.xml:21:4-43
	android:configChanges
		ADDED from src\main\AndroidManifest.xml:19:4-97
	android:theme
		ADDED from src\main\AndroidManifest.xml:22:4-46
	android:name
		ADDED from src\main\AndroidManifest.xml:18:4-32
intent-filter#action:name:android.intent.action.MAIN+category:name:android.intent.category.LAUNCHER
ADDED from src\main\AndroidManifest.xml:24:4-27:20
action#android.intent.action.MAIN
ADDED from src\main\AndroidManifest.xml:25:5-56
	android:name
		ADDED from src\main\AndroidManifest.xml:25:13-54
category#android.intent.category.LAUNCHER
ADDED from src\main\AndroidManifest.xml:26:5-64
	android:name
		ADDED from src\main\AndroidManifest.xml:26:15-62
activity#com.mbmecj.apk.LoginActivity
ADDED from src\main\AndroidManifest.xml:29:3-34:42
	android:screenOrientation
		ADDED from src\main\AndroidManifest.xml:34:4-40
	android:hardwareAccelerated
		ADDED from src\main\AndroidManifest.xml:32:4-38
	android:supportsPictureInPicture
		ADDED from src\main\AndroidManifest.xml:33:4-43
	android:configChanges
		ADDED from src\main\AndroidManifest.xml:31:4-97
	android:name
		ADDED from src\main\AndroidManifest.xml:30:4-33
activity#com.mbmecj.apk.HomeActivity
ADDED from src\main\AndroidManifest.xml:35:3-40:42
	android:screenOrientation
		ADDED from src\main\AndroidManifest.xml:40:4-40
	android:hardwareAccelerated
		ADDED from src\main\AndroidManifest.xml:38:4-38
	android:supportsPictureInPicture
		ADDED from src\main\AndroidManifest.xml:39:4-43
	android:configChanges
		ADDED from src\main\AndroidManifest.xml:37:4-97
	android:name
		ADDED from src\main\AndroidManifest.xml:36:4-32
activity#com.mbmecj.apk.AllwebActivity
ADDED from src\main\AndroidManifest.xml:41:3-45:45
	android:hardwareAccelerated
		ADDED from src\main\AndroidManifest.xml:44:4-38
	android:supportsPictureInPicture
		ADDED from src\main\AndroidManifest.xml:45:4-43
	android:configChanges
		ADDED from src\main\AndroidManifest.xml:43:4-97
	android:name
		ADDED from src\main\AndroidManifest.xml:42:4-34
activity#com.mbmecj.apk.MetarialActivity
ADDED from src\main\AndroidManifest.xml:46:3-51:42
	android:screenOrientation
		ADDED from src\main\AndroidManifest.xml:51:4-40
	android:hardwareAccelerated
		ADDED from src\main\AndroidManifest.xml:49:4-38
	android:supportsPictureInPicture
		ADDED from src\main\AndroidManifest.xml:50:4-43
	android:configChanges
		ADDED from src\main\AndroidManifest.xml:48:4-97
	android:name
		ADDED from src\main\AndroidManifest.xml:47:4-36
activity#com.mbmecj.apk.MtuploadActivity
ADDED from src\main\AndroidManifest.xml:52:3-57:42
	android:screenOrientation
		ADDED from src\main\AndroidManifest.xml:57:4-40
	android:hardwareAccelerated
		ADDED from src\main\AndroidManifest.xml:55:4-38
	android:supportsPictureInPicture
		ADDED from src\main\AndroidManifest.xml:56:4-43
	android:configChanges
		ADDED from src\main\AndroidManifest.xml:54:4-97
	android:name
		ADDED from src\main\AndroidManifest.xml:53:4-36
activity#com.mbmecj.apk.MtviewActivity
ADDED from src\main\AndroidManifest.xml:58:3-63:42
	android:screenOrientation
		ADDED from src\main\AndroidManifest.xml:63:4-40
	android:hardwareAccelerated
		ADDED from src\main\AndroidManifest.xml:61:4-38
	android:supportsPictureInPicture
		ADDED from src\main\AndroidManifest.xml:62:4-43
	android:configChanges
		ADDED from src\main\AndroidManifest.xml:60:4-97
	android:name
		ADDED from src\main\AndroidManifest.xml:59:4-34
activity#com.mbmecj.apk.SettingActivity
ADDED from src\main\AndroidManifest.xml:64:3-69:42
	android:screenOrientation
		ADDED from src\main\AndroidManifest.xml:69:4-40
	android:hardwareAccelerated
		ADDED from src\main\AndroidManifest.xml:67:4-38
	android:supportsPictureInPicture
		ADDED from src\main\AndroidManifest.xml:68:4-43
	android:configChanges
		ADDED from src\main\AndroidManifest.xml:66:4-97
	android:name
		ADDED from src\main\AndroidManifest.xml:65:4-35
activity#com.mbmecj.apk.GalleryActivity
ADDED from src\main\AndroidManifest.xml:70:3-75:42
	android:screenOrientation
		ADDED from src\main\AndroidManifest.xml:75:4-40
	android:hardwareAccelerated
		ADDED from src\main\AndroidManifest.xml:73:4-38
	android:supportsPictureInPicture
		ADDED from src\main\AndroidManifest.xml:74:4-43
	android:configChanges
		ADDED from src\main\AndroidManifest.xml:72:4-97
	android:name
		ADDED from src\main\AndroidManifest.xml:71:4-35
activity#com.mbmecj.apk.GalleryupActivity
ADDED from src\main\AndroidManifest.xml:76:3-81:42
	android:screenOrientation
		ADDED from src\main\AndroidManifest.xml:81:4-40
	android:hardwareAccelerated
		ADDED from src\main\AndroidManifest.xml:79:4-38
	android:supportsPictureInPicture
		ADDED from src\main\AndroidManifest.xml:80:4-43
	android:configChanges
		ADDED from src\main\AndroidManifest.xml:78:4-97
	android:name
		ADDED from src\main\AndroidManifest.xml:77:4-37
activity#com.mbmecj.apk.TncActivity
ADDED from src\main\AndroidManifest.xml:82:3-87:42
	android:screenOrientation
		ADDED from src\main\AndroidManifest.xml:87:4-40
	android:hardwareAccelerated
		ADDED from src\main\AndroidManifest.xml:85:4-38
	android:supportsPictureInPicture
		ADDED from src\main\AndroidManifest.xml:86:4-43
	android:configChanges
		ADDED from src\main\AndroidManifest.xml:84:4-97
	android:name
		ADDED from src\main\AndroidManifest.xml:83:4-31
activity#com.mbmecj.apk.AcsettingActivity
ADDED from src\main\AndroidManifest.xml:88:3-93:42
	android:screenOrientation
		ADDED from src\main\AndroidManifest.xml:93:4-40
	android:hardwareAccelerated
		ADDED from src\main\AndroidManifest.xml:91:4-38
	android:supportsPictureInPicture
		ADDED from src\main\AndroidManifest.xml:92:4-43
	android:configChanges
		ADDED from src\main\AndroidManifest.xml:90:4-97
	android:name
		ADDED from src\main\AndroidManifest.xml:89:4-37
meta-data#com.google.android.gms.version
ADDED from src\main\AndroidManifest.xml:94:3-96:59
MERGED from [com.google.android.gms:play-services-basement:17.0.0] AndroidManifest.xml:23:9-25:69
MERGED from [com.google.android.gms:play-services-basement:17.0.0] AndroidManifest.xml:23:9-25:69
	android:value
		ADDED from src\main\AndroidManifest.xml:96:4-57
	android:name
		ADDED from src\main\AndroidManifest.xml:95:4-49
provider#com.google.firebase.provider.FirebaseInitProvider
ADDED from src\main\AndroidManifest.xml:97:3-101:29
MERGED from [com.google.firebase:firebase-common:19.3.1] AndroidManifest.xml:26:9-31:39
MERGED from [com.google.firebase:firebase-common:19.3.1] AndroidManifest.xml:26:9-31:39
	android:authorities
		ADDED from src\main\AndroidManifest.xml:99:4-61
	android:exported
		ADDED from src\main\AndroidManifest.xml:100:4-28
	android:directBootAware
		ADDED from [com.google.firebase:firebase-common:19.3.1] AndroidManifest.xml:29:13-43
	android:initOrder
		ADDED from src\main\AndroidManifest.xml:101:4-27
	android:name
		ADDED from src\main\AndroidManifest.xml:98:4-68
service#com.google.firebase.components.ComponentDiscoveryService
ADDED from src\main\AndroidManifest.xml:102:3-114:13
MERGED from [com.google.firebase:firebase-messaging:20.3.0] AndroidManifest.xml:36:9-42:19
MERGED from [com.google.firebase:firebase-messaging:20.3.0] AndroidManifest.xml:36:9-42:19
MERGED from [com.google.firebase:firebase-auth:19.4.0] AndroidManifest.xml:33:9-39:19
MERGED from [com.google.firebase:firebase-auth:19.4.0] AndroidManifest.xml:33:9-39:19
MERGED from [com.google.firebase:firebase-database:19.5.0] AndroidManifest.xml:29:9-35:19
MERGED from [com.google.firebase:firebase-database:19.5.0] AndroidManifest.xml:29:9-35:19
MERGED from [com.google.firebase:firebase-storage:19.2.0] AndroidManifest.xml:30:9-36:19
MERGED from [com.google.firebase:firebase-storage:19.2.0] AndroidManifest.xml:30:9-36:19
MERGED from [com.google.firebase:firebase-iid:20.3.0] AndroidManifest.xml:29:9-35:19
MERGED from [com.google.firebase:firebase-iid:20.3.0] AndroidManifest.xml:29:9-35:19
MERGED from [com.google.android.gms:play-services-measurement-api:17.6.0] AndroidManifest.xml:27:9-33:19
MERGED from [com.google.android.gms:play-services-measurement-api:17.6.0] AndroidManifest.xml:27:9-33:19
MERGED from [com.google.firebase:firebase-installations:16.3.3] AndroidManifest.xml:14:9-20:19
MERGED from [com.google.firebase:firebase-installations:16.3.3] AndroidManifest.xml:14:9-20:19
MERGED from [com.google.firebase:firebase-datatransport:17.0.3] AndroidManifest.xml:25:9-31:19
MERGED from [com.google.firebase:firebase-datatransport:17.0.3] AndroidManifest.xml:25:9-31:19
MERGED from [com.google.firebase:firebase-common:19.3.1] AndroidManifest.xml:33:9-37:35
MERGED from [com.google.firebase:firebase-common:19.3.1] AndroidManifest.xml:33:9-37:35
	android:exported
		ADDED from src\main\AndroidManifest.xml:104:4-28
	tools:targetApi
		ADDED from [com.google.firebase:firebase-common:19.3.1] AndroidManifest.xml:37:13-32
	android:directBootAware
		ADDED from [com.google.firebase:firebase-common:19.3.1] AndroidManifest.xml:35:13-43
	android:name
		ADDED from src\main\AndroidManifest.xml:103:4-75
meta-data#com.google.firebase.components:com.google.firebase.auth.FirebaseAuthRegistrar
ADDED from src\main\AndroidManifest.xml:105:4-107:72
MERGED from [com.google.firebase:firebase-auth:19.4.0] AndroidManifest.xml:36:13-38:85
MERGED from [com.google.firebase:firebase-auth:19.4.0] AndroidManifest.xml:36:13-38:85
	android:value
		ADDED from src\main\AndroidManifest.xml:107:5-70
	android:name
		ADDED from src\main\AndroidManifest.xml:106:5-97
meta-data#com.google.firebase.components:com.google.firebase.database.DatabaseRegistrar
ADDED from src\main\AndroidManifest.xml:108:4-110:72
MERGED from [com.google.firebase:firebase-database:19.5.0] AndroidManifest.xml:32:13-34:85
MERGED from [com.google.firebase:firebase-database:19.5.0] AndroidManifest.xml:32:13-34:85
	android:value
		ADDED from src\main\AndroidManifest.xml:110:5-70
	android:name
		ADDED from src\main\AndroidManifest.xml:109:5-97
meta-data#com.google.firebase.components:com.google.firebase.storage.StorageRegistrar
ADDED from src\main\AndroidManifest.xml:111:4-113:72
MERGED from [com.google.firebase:firebase-storage:19.2.0] AndroidManifest.xml:33:13-35:85
MERGED from [com.google.firebase:firebase-storage:19.2.0] AndroidManifest.xml:33:13-35:85
	android:value
		ADDED from src\main\AndroidManifest.xml:113:5-70
	android:name
		ADDED from src\main\AndroidManifest.xml:112:5-95
uses-library#org.apache.http.legacy
ADDED from src\main\AndroidManifest.xml:115:3-117:30
	android:required
		ADDED from src\main\AndroidManifest.xml:117:4-28
	android:name
		ADDED from src\main\AndroidManifest.xml:116:4-41
uses-sdk
INJECTED from src\main\AndroidManifest.xml reason: use-sdk injection requested
INJECTED from src\main\AndroidManifest.xml
INJECTED from src\main\AndroidManifest.xml
MERGED from [com.google.firebase:firebase-messaging:20.3.0] AndroidManifest.xml:20:5-44
MERGED from [com.google.firebase:firebase-messaging:20.3.0] AndroidManifest.xml:20:5-44
MERGED from [com.google.firebase:firebase-analytics:17.6.0] AndroidManifest.xml:5:5-44
MERGED from [com.google.firebase:firebase-analytics:17.6.0] AndroidManifest.xml:5:5-44
MERGED from [com.google.android.material:material:1.0.0] AndroidManifest.xml:20:5-44
MERGED from [com.google.android.material:material:1.0.0] AndroidManifest.xml:20:5-44
MERGED from [androidx.appcompat:appcompat:1.2.0] AndroidManifest.xml:20:5-22:41
MERGED from [androidx.appcompat:appcompat:1.2.0] AndroidManifest.xml:20:5-22:41
MERGED from [com.google.firebase:firebase-auth:19.4.0] AndroidManifest.xml:21:5-44
MERGED from [com.google.firebase:firebase-auth:19.4.0] AndroidManifest.xml:21:5-44
MERGED from [com.google.firebase:firebase-database:19.5.0] AndroidManifest.xml:19:5-21:41
MERGED from [com.google.firebase:firebase-database:19.5.0] AndroidManifest.xml:19:5-21:41
MERGED from [com.google.firebase:firebase-storage:19.2.0] AndroidManifest.xml:20:5-22:41
MERGED from [com.google.firebase:firebase-storage:19.2.0] AndroidManifest.xml:20:5-22:41
MERGED from [com.google.firebase:firebase-iid:20.3.0] AndroidManifest.xml:20:5-44
MERGED from [com.google.firebase:firebase-iid:20.3.0] AndroidManifest.xml:20:5-44
MERGED from [com.google.android.gms:play-services-cloud-messaging:16.0.0] AndroidManifest.xml:5:5-44
MERGED from [com.google.android.gms:play-services-cloud-messaging:16.0.0] AndroidManifest.xml:5:5-44
MERGED from [com.google.android.gms:play-services-measurement:17.6.0] AndroidManifest.xml:20:5-44